FDTD Solutions Version 8.15.736 (Windows 64bit)
 expires (month/day/year): 1/1/2025
using config file: C:/Users/manikanta/AppData/Roaming/Lumerical/FDTD Solutions.ini
license host: <a href=http://localhost:8095>localhost:8095</a>
current time: Mon Jul 30 16:30:08 2018
Running on host: SAIMANI
All processes are communicating and ready to proceed to simulation...
Running fsp file: C:\Program Files\Lumerical\FDTD\bin\fdtd-engine-msmpi.exe -remote G:/Study material/IISc internship/Lumerical programs/Bragg_FDTD_unit_cell_sweep/sweep_2.fsp
number of processors is 4
processors are distributed as: 1x4x1
Running 2D Simulation
Starting meshing
Simulation size in gridpoints: 10 x 42 x 1
Refined 22 mesh cells (5.2381%)
Completed meshing!
Meshing complete in 0.015625 seconds of CPU time
Selected kernel with optimization level: 2 and split-field propagation direction: 0
-----------------------------------------
Beginning initialization of 2D FDTD Simulation
  Including TM Simulation
Starting to add sources to simulation

Adding Mode Source propagating in X
Injecting in negative direction
Starting to add boundary conditions to simulation
Adding Bloch BC
Adding Bloch BC
Adding PML BC
Adding parallel BC
Starting to add monitors to Simulation
Adding analysis monitor
Adding analysis monitor
Adding time monitor
Adding time monitor
Adding time monitor
Adding time monitor
Adding time monitor
Adding time monitor
Adding time monitor
Adding time monitor
Adding time monitor
Adding time monitor
Finished initialization of 2D Simulation
-----------------------------------------
All processes are communicating and ready to proceed to simulation...
Starting 76294 total iterations
0% complete. Max time remaining: 22 secs. Auto Shutoff: 1
1% complete. Max time remaining: 14 secs. Auto Shutoff: 1
3% complete. Max time remaining: 13 secs. Auto Shutoff: 1
5% complete. Max time remaining: 11 secs. Auto Shutoff: 0.389075
11% complete. Max time remaining: 10 secs. Auto Shutoff: 0.399055
21% complete. Max time remaining: 8 secs. Auto Shutoff: 0.412043
43% complete. Max time remaining: 5 secs. Auto Shutoff: 0.391576
64% complete. Max time remaining: 3 secs. Auto Shutoff: 0.460011
86% complete. Max time remaining: 1 secs. Auto Shutoff: 0.431029
100% complete. Max time remaining: 0 secs. Auto Shutoff: 0.399795
Completed 76294 iterations, or 1.249995e-012s of Simulation Time
Process 0 starting to collect data
    collecting TM monitor data
    collecting TM source data
Injecting in negative direction
Finished collecting data
Simulation completed successfully at: Mon Jul 30 16:30:16 2018
Overall wall time measurements in seconds:
    time to mesh and initialize: 0
    time to run FDTD simulation: 8
    time to finalize data and save to files: 0
    FDTD solver speed: 4.00543 Mnodes/s
    total FDTD solver speed on 4 processes: 16.0217 Mnodes/s
