FDTD Solutions Version 8.15.736 (Windows 64bit)
 expires (month/day/year): 1/1/2025
using config file: C:/Users/manikanta/AppData/Roaming/Lumerical/FDTD Solutions.ini
license host: <a href=http://localhost:8095>localhost:8095</a>
current time: Tue Jul 31 17:10:10 2018
Running on host: SAIMANI
All processes are communicating and ready to proceed to simulation...
Running fsp file: C:\Program Files\Lumerical\FDTD\bin\fdtd-engine-msmpi.exe -remote G:/Study material/IISc internship/Lumerical programs/gratings.fsp
number of processors is 4
processors are distributed as: 4x1x1
Running 3D Simulation
Starting meshing
Simulation size in gridpoints: 105 x 47 x 58
Refined 14789 mesh cells (5.16682%)
Completed meshing!
Meshing complete in 1.45313 seconds of CPU time
Starting meshing
Simulation size in gridpoints: 105 x 47 x 58
Refined 14876 mesh cells (5.19722%)
Completed meshing!
Meshing complete in 1.17188 seconds of CPU time
Starting meshing
Simulation size in gridpoints: 105 x 47 x 58
Refined 15075 mesh cells (5.26674%)
Completed meshing!
Meshing complete in 1.125 seconds of CPU time
finished material properties
Using selected optimization level: 2
Selecting 3d kernel for splitFieldDirection=0 and optLevel=2
-----------------------------------------
Beginning initialization of 3D Simulation
Starting to add sources to simulation
Adding 3D Gaussian Source propagating in Z
Starting to add boundary conditions to simulation
Adding 3D PML BC
Adding 3D Parallel BC
Adding 3D PML BC
Adding 3D PML BC
Adding 3D PML BC
Adding 3D PML BC
Starting to add monitors to Simulation
Adding analysis monitor
Adding 3D DFT monitor
Adding 3D DFT monitor
Finished initialization of 3D Simulation
-----------------------------------------
All processes are communicating and ready to proceed to simulation...
Starting 12197 total iterations
0% complete. Max time remaining: 3 mins, 49 secs. Auto Shutoff: 1
1% complete. Max time remaining: 3 mins, 49 secs. Auto Shutoff: 1
2% complete. Max time remaining: 3 mins, 48 secs. Auto Shutoff: 1
3% complete. Max time remaining: 3 mins, 47 secs. Auto Shutoff: 1
4% complete. Max time remaining: 3 mins, 45 secs. Auto Shutoff: 1
5% complete. Max time remaining: 3 mins, 43 secs. Auto Shutoff: 1
6% complete. Max time remaining: 3 mins, 41 secs. Auto Shutoff: 1
7% complete. Max time remaining: 3 mins, 39 secs. Auto Shutoff: 0.267209
8% complete. Max time remaining: 3 mins, 37 secs. Auto Shutoff: 0.139897
9% complete. Max time remaining: 3 mins, 34 secs. Auto Shutoff: 0.136327
10% complete. Max time remaining: 3 mins, 33 secs. Auto Shutoff: 0.139563
11% complete. Max time remaining: 3 mins, 30 secs. Auto Shutoff: 0.100752
12% complete. Max time remaining: 3 mins, 28 secs. Auto Shutoff: 0.0764039
14% complete. Max time remaining: 3 mins, 26 secs. Auto Shutoff: 0.0701768
14% complete. Max time remaining: 3 mins, 26 secs. Auto Shutoff: 0.063613
15% complete. Max time remaining: 3 mins, 24 secs. Auto Shutoff: 0.0622522
16% complete. Max time remaining: 3 mins, 21 secs. Auto Shutoff: 0.0555867
17% complete. Max time remaining: 3 mins, 19 secs. Auto Shutoff: 0.0467878
18% complete. Max time remaining: 3 mins, 16 secs. Auto Shutoff: 0.046679
19% complete. Max time remaining: 3 mins, 14 secs. Auto Shutoff: 0.0420106
20% complete. Max time remaining: 3 mins, 11 secs. Auto Shutoff: 0.0391932
21% complete. Max time remaining: 3 mins, 9 secs. Auto Shutoff: 0.0361496
22% complete. Max time remaining: 3 mins, 6 secs. Auto Shutoff: 0.0330673
23% complete. Max time remaining: 3 mins, 4 secs. Auto Shutoff: 0.0330996
24% complete. Max time remaining: 3 mins, 2 secs. Auto Shutoff: 0.031872
25% complete. Max time remaining: 2 mins, 60 secs. Auto Shutoff: 0.0302685
26% complete. Max time remaining: 2 mins, 57 secs. Auto Shutoff: 0.0349748
27% complete. Max time remaining: 2 mins, 55 secs. Auto Shutoff: 0.0212664
28% complete. Max time remaining: 2 mins, 52 secs. Auto Shutoff: 0.0177074
29% complete. Max time remaining: 2 mins, 50 secs. Auto Shutoff: 0.0245258
30% complete. Max time remaining: 2 mins, 47 secs. Auto Shutoff: 0.0195685
31% complete. Max time remaining: 2 mins, 45 secs. Auto Shutoff: 0.0195476
32% complete. Max time remaining: 2 mins, 42 secs. Auto Shutoff: 0.0194139
33% complete. Max time remaining: 2 mins, 40 secs. Auto Shutoff: 0.0177235
34% complete. Max time remaining: 2 mins, 37 secs. Auto Shutoff: 0.0192158
35% complete. Max time remaining: 2 mins, 36 secs. Auto Shutoff: 0.0182995
36% complete. Max time remaining: 2 mins, 33 secs. Auto Shutoff: 0.0183178
37% complete. Max time remaining: 2 mins, 31 secs. Auto Shutoff: 0.0174736
38% complete. Max time remaining: 2 mins, 28 secs. Auto Shutoff: 0.0170274
39% complete. Max time remaining: 2 mins, 26 secs. Auto Shutoff: 0.0166523
40% complete. Max time remaining: 2 mins, 23 secs. Auto Shutoff: 0.01664
41% complete. Max time remaining: 2 mins, 20 secs. Auto Shutoff: 0.0160511
42% complete. Max time remaining: 2 mins, 18 secs. Auto Shutoff: 0.0161061
43% complete. Max time remaining: 2 mins, 15 secs. Auto Shutoff: 0.0154512
44% complete. Max time remaining: 2 mins, 13 secs. Auto Shutoff: 0.0153576
46% complete. Max time remaining: 2 mins, 10 secs. Auto Shutoff: 0.0147886
46% complete. Max time remaining: 2 mins, 9 secs. Auto Shutoff: 0.0147886
47% complete. Max time remaining: 2 mins, 6 secs. Auto Shutoff: 0.014009
48% complete. Max time remaining: 2 mins, 4 secs. Auto Shutoff: 0.0133652
49% complete. Max time remaining: 2 mins, 1 secs. Auto Shutoff: 0.0123145
50% complete. Max time remaining: 1 min, 59 secs. Auto Shutoff: 0.0115074
51% complete. Max time remaining: 1 min, 56 secs. Auto Shutoff: 0.00911271
52% complete. Max time remaining: 1 min, 54 secs. Auto Shutoff: 0.00781176
53% complete. Max time remaining: 1 min, 51 secs. Auto Shutoff: 0.00736014
54% complete. Max time remaining: 1 min, 49 secs. Auto Shutoff: 0.00566429
55% complete. Max time remaining: 1 min, 46 secs. Auto Shutoff: 0.00356016
56% complete. Max time remaining: 1 min, 45 secs. Auto Shutoff: 0.00356016
57% complete. Max time remaining: 1 min, 42 secs. Auto Shutoff: 0.00248723
58% complete. Max time remaining: 1 min, 40 secs. Auto Shutoff: 0.00201427
59% complete. Max time remaining: 1 min, 37 secs. Auto Shutoff: 0.00166716
60% complete. Max time remaining: 1 min, 35 secs. Auto Shutoff: 0.00136889
61% complete. Max time remaining: 1 min, 32 secs. Auto Shutoff: 0.00107115
62% complete. Max time remaining: 1 min, 30 secs. Auto Shutoff: 0.000744658
63% complete. Max time remaining: 1 min, 27 secs. Auto Shutoff: 0.000638589
64% complete. Max time remaining: 1 min, 25 secs. Auto Shutoff: 0.000600676
65% complete. Max time remaining: 1 min, 23 secs. Auto Shutoff: 0.000422553
67% complete. Max time remaining: 1 min, 20 secs. Auto Shutoff: 0.000452089
67% complete. Max time remaining: 1 min, 19 secs. Auto Shutoff: 0.000353246
68% complete. Max time remaining: 1 min, 16 secs. Auto Shutoff: 0.000370746
69% complete. Max time remaining: 1 min, 14 secs. Auto Shutoff: 0.0002912
70% complete. Max time remaining: 1 min, 11 secs. Auto Shutoff: 0.000323894
71% complete. Max time remaining: 1 min, 9 secs. Auto Shutoff: 0.000238665
72% complete. Max time remaining: 1 min, 6 secs. Auto Shutoff: 0.000231075
73% complete. Max time remaining: 1 min, 4 secs. Auto Shutoff: 0.000213334
74% complete. Max time remaining: 1 min, 1 secs. Auto Shutoff: 0.000172343
75% complete. Max time remaining: 59 secs. Auto Shutoff: 0.000154415
76% complete. Max time remaining: 56 secs. Auto Shutoff: 0.000156362
77% complete. Max time remaining: 55 secs. Auto Shutoff: 0.000154656
78% complete. Max time remaining: 53 secs. Auto Shutoff: 0.000129852
79% complete. Max time remaining: 50 secs. Auto Shutoff: 0.000131019
80% complete. Max time remaining: 48 secs. Auto Shutoff: 0.000118483
81% complete. Max time remaining: 45 secs. Auto Shutoff: 0.00011025
82% complete. Max time remaining: 43 secs. Auto Shutoff: 0.000106818
83% complete. Max time remaining: 40 secs. Auto Shutoff: 0.00010282
84% complete. Max time remaining: 37 secs. Auto Shutoff: 9.43341e-005
85% complete. Max time remaining: 35 secs. Auto Shutoff: 9.18216e-005
86% complete. Max time remaining: 32 secs. Auto Shutoff: 6.89219e-005
87% complete. Max time remaining: 30 secs. Auto Shutoff: 7.70784e-005
88% complete. Max time remaining: 29 secs. Auto Shutoff: 7.10914e-005
89% complete. Max time remaining: 26 secs. Auto Shutoff: 6.76612e-005
90% complete. Max time remaining: 24 secs. Auto Shutoff: 5.91877e-005
91% complete. Max time remaining: 21 secs. Auto Shutoff: 5.35132e-005
92% complete. Max time remaining: 19 secs. Auto Shutoff: 5.75257e-005
93% complete. Max time remaining: 16 secs. Auto Shutoff: 4.90807e-005
94% complete. Max time remaining: 14 secs. Auto Shutoff: 4.14538e-005
95% complete. Max time remaining: 11 secs. Auto Shutoff: 4.35493e-005
96% complete. Max time remaining: 9 secs. Auto Shutoff: 3.75312e-005
97% complete. Max time remaining: 6 secs. Auto Shutoff: 3.47397e-005
99% complete. Max time remaining: 4 secs. Auto Shutoff: 3.11852e-005
99% complete. Max time remaining: 2 secs. Auto Shutoff: 3.11852e-005
Completed 12197 iterations, or 9.999866e-013s of Simulation Time
Process 0 starting to collect data
    collecting monitor data
    collecting source data
Finished collecting data
Simulation completed successfully at: Tue Jul 31 17:14:14 2018
Overall wall time measurements in seconds:
    time to mesh and initialize: 4
    time to run FDTD simulation: 240
    time to finalize data and save to files: 0
    FDTD solver speed: 14.5464 Mnodes/s
    total FDTD solver speed on 4 processes: 58.1858 Mnodes/s
