FDTD Solutions Version 8.15.736 (Windows 64bit)
 expires (month/day/year): 1/1/2025
using config file: C:/Users/manikanta/AppData/Roaming/Lumerical/FDTD Solutions.ini
license host: <a href=http://localhost:8095>localhost:8095</a>
current time: Tue Jul 31 17:40:12 2018
Running on host: SAIMANI
All processes are communicating and ready to proceed to simulation...
Running fsp file: C:\Program Files\Lumerical\FDTD\bin\fdtd-engine-msmpi.exe -remote G:/Study material/IISc internship/Lumerical programs/gratings3.fsp
number of processors is 4
processors are distributed as: 4x1x1
Running 3D Simulation
Starting meshing
Simulation size in gridpoints: 98 x 51 x 60
Refined 14422 mesh cells (4.80926%)
Completed meshing!
Meshing complete in 1.45313 seconds of CPU time
Starting meshing
Simulation size in gridpoints: 98 x 51 x 60
Refined 14288 mesh cells (4.76457%)
Completed meshing!
Meshing complete in 1.40625 seconds of CPU time
Starting meshing
Simulation size in gridpoints: 98 x 51 x 60
Refined 14548 mesh cells (4.85127%)
Completed meshing!
Meshing complete in 1.5 seconds of CPU time
finished material properties
Using selected optimization level: 2
Selecting 3d kernel for splitFieldDirection=0 and optLevel=2
-----------------------------------------
Beginning initialization of 3D Simulation
Starting to add sources to simulation
Adding 3D Gaussian Source propagating in Z
Starting to add boundary conditions to simulation
Adding 3D PML BC
Adding 3D Parallel BC
Adding 3D PML BC
Adding 3D PML BC
Adding 3D PML BC
Adding 3D PML BC
Starting to add monitors to Simulation
Adding analysis monitor
Adding 3D DFT monitor
Adding 3D DFT monitor
Finished initialization of 3D Simulation
-----------------------------------------
All processes are communicating and ready to proceed to simulation...
Starting 12177 total iterations
0% complete. Max time remaining: 4 mins, 6 secs. Auto Shutoff: 1
1% complete. Max time remaining: 4 mins, 7 secs. Auto Shutoff: 1
2% complete. Max time remaining: 4 mins, 6 secs. Auto Shutoff: 1
3% complete. Max time remaining: 4 mins, 5 secs. Auto Shutoff: 1
4% complete. Max time remaining: 4 mins, 3 secs. Auto Shutoff: 1
5% complete. Max time remaining: 4 mins, 2 secs. Auto Shutoff: 1
6% complete. Max time remaining: 3 mins, 59 secs. Auto Shutoff: 1
7% complete. Max time remaining: 3 mins, 57 secs. Auto Shutoff: 0.155067
8% complete. Max time remaining: 3 mins, 54 secs. Auto Shutoff: 0.117583
9% complete. Max time remaining: 3 mins, 51 secs. Auto Shutoff: 0.0956214
10% complete. Max time remaining: 3 mins, 49 secs. Auto Shutoff: 0.0813686
11% complete. Max time remaining: 3 mins, 46 secs. Auto Shutoff: 0.0845192
12% complete. Max time remaining: 3 mins, 44 secs. Auto Shutoff: 0.061915
13% complete. Max time remaining: 3 mins, 42 secs. Auto Shutoff: 0.061915
14% complete. Max time remaining: 3 mins, 39 secs. Auto Shutoff: 0.0577302
15% complete. Max time remaining: 3 mins, 37 secs. Auto Shutoff: 0.0471381
16% complete. Max time remaining: 3 mins, 34 secs. Auto Shutoff: 0.048348
17% complete. Max time remaining: 3 mins, 35 secs. Auto Shutoff: 0.0442804
18% complete. Max time remaining: 3 mins, 33 secs. Auto Shutoff: 0.0392785
19% complete. Max time remaining: 3 mins, 32 secs. Auto Shutoff: 0.0394432
20% complete. Max time remaining: 3 mins, 31 secs. Auto Shutoff: 0.0359772
21% complete. Max time remaining: 3 mins, 31 secs. Auto Shutoff: 0.0349686
22% complete. Max time remaining: 3 mins, 31 secs. Auto Shutoff: 0.032499
23% complete. Max time remaining: 3 mins, 30 secs. Auto Shutoff: 0.0283517
24% complete. Max time remaining: 3 mins, 34 secs. Auto Shutoff: 0.0255823
25% complete. Max time remaining: 3 mins, 33 secs. Auto Shutoff: 0.0223607
26% complete. Max time remaining: 3 mins, 31 secs. Auto Shutoff: 0.0201201
27% complete. Max time remaining: 3 mins, 29 secs. Auto Shutoff: 0.0123477
29% complete. Max time remaining: 3 mins, 27 secs. Auto Shutoff: 0.00916931
29% complete. Max time remaining: 3 mins, 26 secs. Auto Shutoff: 0.00734379
30% complete. Max time remaining: 3 mins, 24 secs. Auto Shutoff: 0.00720265
31% complete. Max time remaining: 3 mins, 20 secs. Auto Shutoff: 0.00576882
32% complete. Max time remaining: 3 mins, 17 secs. Auto Shutoff: 0.00437426
33% complete. Max time remaining: 3 mins, 14 secs. Auto Shutoff: 0.0043372
34% complete. Max time remaining: 3 mins, 11 secs. Auto Shutoff: 0.00320791
35% complete. Max time remaining: 3 mins, 8 secs. Auto Shutoff: 0.00318919
36% complete. Max time remaining: 3 mins, 4 secs. Auto Shutoff: 0.00268788
37% complete. Max time remaining: 3 mins, 1 secs. Auto Shutoff: 0.00217234
38% complete. Max time remaining: 3 mins, 0 secs. Auto Shutoff: 0.00261378
39% complete. Max time remaining: 2 mins, 58 secs. Auto Shutoff: 0.00229615
40% complete. Max time remaining: 2 mins, 56 secs. Auto Shutoff: 0.00191295
41% complete. Max time remaining: 2 mins, 52 secs. Auto Shutoff: 0.00198962
42% complete. Max time remaining: 2 mins, 48 secs. Auto Shutoff: 0.00154153
43% complete. Max time remaining: 2 mins, 45 secs. Auto Shutoff: 0.00161308
44% complete. Max time remaining: 2 mins, 43 secs. Auto Shutoff: 0.0017453
45% complete. Max time remaining: 2 mins, 40 secs. Auto Shutoff: 0.00133724
46% complete. Max time remaining: 2 mins, 36 secs. Auto Shutoff: 0.00123219
47% complete. Max time remaining: 2 mins, 33 secs. Auto Shutoff: 0.00122515
48% complete. Max time remaining: 2 mins, 29 secs. Auto Shutoff: 0.000950378
49% complete. Max time remaining: 2 mins, 26 secs. Auto Shutoff: 0.00105133
50% complete. Max time remaining: 2 mins, 23 secs. Auto Shutoff: 0.00101559
51% complete. Max time remaining: 2 mins, 19 secs. Auto Shutoff: 0.000819663
52% complete. Max time remaining: 2 mins, 16 secs. Auto Shutoff: 0.000845609
53% complete. Max time remaining: 2 mins, 13 secs. Auto Shutoff: 0.000644165
54% complete. Max time remaining: 2 mins, 11 secs. Auto Shutoff: 0.000605876
55% complete. Max time remaining: 2 mins, 8 secs. Auto Shutoff: 0.00075125
56% complete. Max time remaining: 2 mins, 5 secs. Auto Shutoff: 0.000581577
57% complete. Max time remaining: 2 mins, 2 secs. Auto Shutoff: 0.000560628
58% complete. Max time remaining: 1 min, 58 secs. Auto Shutoff: 0.000543645
59% complete. Max time remaining: 1 min, 55 secs. Auto Shutoff: 0.000391787
60% complete. Max time remaining: 1 min, 52 secs. Auto Shutoff: 0.000413457
61% complete. Max time remaining: 1 min, 49 secs. Auto Shutoff: 0.000341185
62% complete. Max time remaining: 1 min, 46 secs. Auto Shutoff: 0.000332476
63% complete. Max time remaining: 1 min, 43 secs. Auto Shutoff: 0.000392432
65% complete. Max time remaining: 1 min, 40 secs. Auto Shutoff: 0.000320394
65% complete. Max time remaining: 1 min, 38 secs. Auto Shutoff: 0.000246609
66% complete. Max time remaining: 1 min, 35 secs. Auto Shutoff: 0.000316551
67% complete. Max time remaining: 1 min, 32 secs. Auto Shutoff: 0.000225251
68% complete. Max time remaining: 1 min, 29 secs. Auto Shutoff: 0.000239539
69% complete. Max time remaining: 1 min, 26 secs. Auto Shutoff: 0.000260968
70% complete. Max time remaining: 1 min, 23 secs. Auto Shutoff: 0.000209742
71% complete. Max time remaining: 1 min, 20 secs. Auto Shutoff: 0.000231032
72% complete. Max time remaining: 1 min, 17 secs. Auto Shutoff: 0.000184575
73% complete. Max time remaining: 1 min, 14 secs. Auto Shutoff: 0.000160919
74% complete. Max time remaining: 1 min, 11 secs. Auto Shutoff: 0.000192683
75% complete. Max time remaining: 1 min, 9 secs. Auto Shutoff: 0.000181427
76% complete. Max time remaining: 1 min, 6 secs. Auto Shutoff: 0.000133109
77% complete. Max time remaining: 1 min, 3 secs. Auto Shutoff: 0.000161397
78% complete. Max time remaining: 1 min, 1 secs. Auto Shutoff: 0.000132204
79% complete. Max time remaining: 58 secs. Auto Shutoff: 0.000118278
80% complete. Max time remaining: 55 secs. Auto Shutoff: 0.000129236
81% complete. Max time remaining: 52 secs. Auto Shutoff: 0.000104479
82% complete. Max time remaining: 49 secs. Auto Shutoff: 0.000112571
83% complete. Max time remaining: 46 secs. Auto Shutoff: 0.000101124
84% complete. Max time remaining: 43 secs. Auto Shutoff: 8.60668e-005
85% complete. Max time remaining: 41 secs. Auto Shutoff: 9.38883e-005
86% complete. Max time remaining: 38 secs. Auto Shutoff: 9.16804e-005
87% complete. Max time remaining: 36 secs. Auto Shutoff: 7.94566e-005
88% complete. Max time remaining: 33 secs. Auto Shutoff: 8.27429e-005
89% complete. Max time remaining: 30 secs. Auto Shutoff: 6.41635e-005
90% complete. Max time remaining: 27 secs. Auto Shutoff: 6.26074e-005
91% complete. Max time remaining: 24 secs. Auto Shutoff: 6.44967e-005
92% complete. Max time remaining: 21 secs. Auto Shutoff: 4.87885e-005
93% complete. Max time remaining: 18 secs. Auto Shutoff: 6.02868e-005
94% complete. Max time remaining: 15 secs. Auto Shutoff: 4.49137e-005
96% complete. Max time remaining: 12 secs. Auto Shutoff: 4.44822e-005
96% complete. Max time remaining: 11 secs. Auto Shutoff: 4.44822e-005
97% complete. Max time remaining: 8 secs. Auto Shutoff: 4.71888e-005
98% complete. Max time remaining: 5 secs. Auto Shutoff: 3.57302e-005
99% complete. Max time remaining: 2 secs. Auto Shutoff: 4.39747e-005
Completed 12177 iterations, or 9.999645e-013s of Simulation Time
Process 0 starting to collect data
    collecting monitor data
    collecting source data
Finished collecting data
Simulation completed successfully at: Tue Jul 31 17:44:51 2018
Overall wall time measurements in seconds:
    time to mesh and initialize: 6
    time to run FDTD simulation: 273
    time to finalize data and save to files: 0
    FDTD solver speed: 13.376 Mnodes/s
    total FDTD solver speed on 4 processes: 53.5039 Mnodes/s
